<?xml version="1.0" encoding="UTF-8"?>
<testsuite xmlns:xsi="http://www.w3.org/2001/XMLSchema-instance" xsi:noNamespaceSchemaLocation="https://maven.apache.org/surefire/maven-surefire-plugin/xsd/surefire-test-report.xsd" version="3.0.1" name="Trgil_4.Trgil_4.triangle_Test" time="0.116" tests="8" errors="0" skipped="0" failures="0">
  <properties>
[...]
</properties>
  <testcase name="ScaleneTriangle" classname="Trgil_4.Trgil_4.triangle_Test" time="0.044"/>
  <testcase name="equilateralTriangle" classname="Trgil_4.Trgil_4.triangle_Test" time="0.001"/>
  <testcase name="Nottriangle1" classname="Trgil_4.Trgil_4.triangle_Test" time="0.001"/>
  <testcase name="Nottriangle2" classname="Trgil_4.Trgil_4.triangle_Test" time="0.001"/>
  <testcase name="Nottriangle3" classname="Trgil_4.Trgil_4.triangle_Test" time="0.002"/>
  <testcase name="isoscelesTriangle1" classname="Trgil_4.Trgil_4.triangle_Test" time="0.002"/>
  <testcase name="isoscelesTriangle2" classname="Trgil_4.Trgil_4.triangle_Test" time="0.002"/>
  <testcase name="isoscelesTriangle3" classname="Trgil_4.Trgil_4.triangle_Test" time="0.002"/>
</testsuite>